<?xml version="1.0" encoding="UTF-8"?>
<testsuite xmlns:xsi="http://www.w3.org/2001/XMLSchema-instance" xsi:noNamespaceSchemaLocation="https://maven.apache.org/surefire/maven-surefire-plugin/xsd/surefire-test-report.xsd" version="3.0.2" name="tests.ProductsTest" time="3.433" tests="4" errors="0" skipped="0" failures="0">
  <properties>
[...]
</properties>
  <testcase name="postToAllProductsList" classname="tests.ProductsTest" time="0.843"/>
  <testcase name="searchProductWithoutSearchProductParameter" classname="tests.ProductsTest" time="0.542"/>
  <testcase name="getAllProductsList" classname="tests.ProductsTest" time="1.281"/>
  <testcase name="searchProduct" classname="tests.ProductsTest" time="0.763"/>
</testsuite>